TN:
SF:/home/vagrant/backend/app.js
FN:42,(anonymous_0)
FN:43,(anonymous_1)
FN:68,(anonymous_2)
FNF:3
FNH:2
FNDA:1,(anonymous_0)
FNDA:1,(anonymous_1)
FNDA:0,(anonymous_2)
DA:9,1
DA:10,1
DA:11,1
DA:13,1
DA:14,1
DA:15,1
DA:18,1
DA:19,1
DA:22,1
DA:23,1
DA:24,1
DA:27,1
DA:28,1
DA:30,1
DA:40,1
DA:42,1
DA:43,1
DA:44,1
DA:45,1
DA:46,1
DA:47,1
DA:48,1
DA:58,1
DA:60,1
DA:62,1
DA:65,1
DA:68,1
DA:69,0
DA:74,1
LF:29
LH:28
BRDA:46,0,0,1
BRDA:46,0,1,0
BRF:2
BRH:1
end_of_record
TN:
SF:/home/vagrant/backend/controllers/countryController.js
FN:20,addOrUpdateCountry
FN:27,(anonymous_1)
FN:36,(anonymous_2)
FN:44,getAllCountries
FN:47,(anonymous_4)
FN:50,(anonymous_5)
FN:56,deleteCountry
FN:61,(anonymous_7)
FN:64,(anonymous_8)
FNF:9
FNH:6
FNDA:1,addOrUpdateCountry
FNDA:1,(anonymous_1)
FNDA:0,(anonymous_2)
FNDA:2,getAllCountries
FNDA:2,(anonymous_4)
FNDA:0,(anonymous_5)
FNDA:1,deleteCountry
FNDA:1,(anonymous_7)
FNDA:0,(anonymous_8)
DA:18,1
DA:22,1
DA:23,1
DA:24,1
DA:26,1
DA:29,1
DA:37,0
DA:46,2
DA:48,2
DA:51,0
DA:57,1
DA:58,1
DA:59,1
DA:60,1
DA:62,1
DA:65,0
DA:70,1
LF:17
LH:14
BRF:0
BRH:0
end_of_record
TN:
SF:/home/vagrant/backend/controllers/deviceAttributeController.js
FN:12,addUpdateDevice
FN:17,(anonymous_1)
FN:20,(anonymous_2)
FN:27,getDeviceInfo
FN:32,(anonymous_4)
FN:35,(anonymous_5)
FN:41,deleteDeviceInfo
FN:45,(anonymous_7)
FN:48,(anonymous_8)
FNF:9
FNH:0
FNDA:0,addUpdateDevice
FNDA:0,(anonymous_1)
FNDA:0,(anonymous_2)
FNDA:0,getDeviceInfo
FNDA:0,(anonymous_4)
FNDA:0,(anonymous_5)
FNDA:0,deleteDeviceInfo
FNDA:0,(anonymous_7)
FNDA:0,(anonymous_8)
DA:9,1
DA:15,0
DA:16,0
DA:18,0
DA:21,0
DA:28,0
DA:31,0
DA:33,0
DA:36,0
DA:42,0
DA:44,0
DA:46,0
DA:49,0
DA:59,1
LF:14
LH:2
BRF:0
BRH:0
end_of_record
TN:
SF:/home/vagrant/backend/controllers/deviceGroupController.js
FN:14,addDeviceGroup
FN:23,(anonymous_1)
FN:26,(anonymous_2)
FN:32,getDeviceGroups
FN:39,(anonymous_4)
FN:43,(anonymous_5)
FN:48,deleteDeviceGroup
FN:55,(anonymous_7)
FN:59,(anonymous_8)
FN:65,findGroupByName
FN:72,(anonymous_10)
FN:76,(anonymous_11)
FN:81,getDevicesInGroup
FNF:13
FNH:6
FNDA:5,addDeviceGroup
FNDA:5,(anonymous_1)
FNDA:0,(anonymous_2)
FNDA:3,getDeviceGroups
FNDA:3,(anonymous_4)
FNDA:0,(anonymous_5)
FNDA:0,deleteDeviceGroup
FNDA:0,(anonymous_7)
FNDA:0,(anonymous_8)
FNDA:2,findGroupByName
FNDA:2,(anonymous_10)
FNDA:0,(anonymous_11)
FNDA:0,getDevicesInGroup
DA:12,1
DA:16,5
DA:17,5
DA:18,5
DA:19,5
DA:20,5
DA:22,5
DA:24,5
DA:27,0
DA:34,3
DA:35,3
DA:36,3
DA:38,3
DA:40,3
DA:41,3
DA:44,0
DA:50,0
DA:51,0
DA:52,0
DA:54,0
DA:56,0
DA:57,0
DA:60,0
DA:67,2
DA:68,2
DA:71,2
DA:73,2
DA:74,2
DA:77,0
DA:83,0
DA:85,1
LF:31
LH:20
BRF:0
BRH:0
end_of_record
TN:
SF:/home/vagrant/backend/controllers/deviceTypeController.js
FN:13,addOrUpdateDeviceType
FN:24,(anonymous_1)
FN:27,(anonymous_2)
FN:33,getAllDeviceTypes
FN:36,(anonymous_4)
FN:39,(anonymous_5)
FN:45,deleteDeviceType
FN:50,(anonymous_7)
FN:53,(anonymous_8)
FNF:9
FNH:0
FNDA:0,addOrUpdateDeviceType
FNDA:0,(anonymous_1)
FNDA:0,(anonymous_2)
FNDA:0,getAllDeviceTypes
FNDA:0,(anonymous_4)
FNDA:0,(anonymous_5)
FNDA:0,deleteDeviceType
FNDA:0,(anonymous_7)
FNDA:0,(anonymous_8)
DA:11,1
DA:15,0
DA:16,0
DA:18,0
DA:19,0
DA:20,0
DA:21,0
DA:23,0
DA:25,0
DA:28,0
DA:35,0
DA:37,0
DA:40,0
DA:46,0
DA:47,0
DA:48,0
DA:49,0
DA:51,0
DA:54,0
DA:60,1
LF:20
LH:2
BRF:0
BRH:0
end_of_record
TN:
SF:/home/vagrant/backend/controllers/sigfoxReadingController.js
FN:14,addSigfoxReading
FN:30,(anonymous_1)
FN:33,(anonymous_2)
FN:43,getSigfoxReadings
FN:51,(anonymous_4)
FN:54,(anonymous_5)
FN:62,deleteSigfoxReading
FN:68,deleteAllSigfoxReadings
FNF:8
FNH:0
FNDA:0,addSigfoxReading
FNDA:0,(anonymous_1)
FNDA:0,(anonymous_2)
FNDA:0,getSigfoxReadings
FNDA:0,(anonymous_4)
FNDA:0,(anonymous_5)
FNDA:0,deleteSigfoxReading
FNDA:0,deleteAllSigfoxReadings
DA:10,1
DA:13,1
DA:16,0
DA:20,0
DA:21,0
DA:22,0
DA:23,0
DA:25,0
DA:26,0
DA:27,0
DA:29,0
DA:31,0
DA:34,0
DA:45,0
DA:46,0
DA:47,0
DA:48,0
DA:50,0
DA:52,0
DA:55,0
DA:63,0
DA:69,0
DA:73,1
LF:23
LH:3
BRF:0
BRH:0
end_of_record
TN:
SF:/home/vagrant/backend/dao/countryDAO.js
FN:26,(anonymous_0)
FN:44,(anonymous_1)
FN:48,(anonymous_2)
FN:55,(anonymous_3)
FN:59,(anonymous_4)
FN:62,(anonymous_5)
FN:68,(anonymous_6)
FN:72,(anonymous_7)
FN:75,(anonymous_8)
FNF:9
FNH:6
FNDA:1,(anonymous_0)
FNDA:1,(anonymous_1)
FNDA:0,(anonymous_2)
FNDA:2,(anonymous_3)
FNDA:2,(anonymous_4)
FNDA:0,(anonymous_5)
FNDA:1,(anonymous_6)
FNDA:1,(anonymous_7)
FNDA:0,(anonymous_8)
DA:13,1
DA:15,1
DA:17,1
DA:20,1
DA:24,1
DA:26,1
DA:27,1
DA:30,1
DA:46,1
DA:49,0
DA:55,1
DA:56,2
DA:60,2
DA:63,0
DA:68,1
DA:69,1
DA:73,1
DA:76,0
DA:84,1
LF:19
LH:16
BRF:0
BRH:0
end_of_record
TN:
SF:/home/vagrant/backend/dao/deviceDAO.js
FN:25,(anonymous_0)
FN:68,(anonymous_1)
FN:72,(anonymous_2)
FN:79,(anonymous_3)
FN:83,(anonymous_4)
FN:89,(anonymous_5)
FN:97,(anonymous_6)
FN:100,(anonymous_7)
FNF:8
FNH:0
FNDA:0,(anonymous_0)
FNDA:0,(anonymous_1)
FNDA:0,(anonymous_2)
FNDA:0,(anonymous_3)
FNDA:0,(anonymous_4)
FNDA:0,(anonymous_5)
FNDA:0,(anonymous_6)
FNDA:0,(anonymous_7)
DA:13,1
DA:15,1
DA:19,1
DA:23,1
DA:25,1
DA:26,0
DA:27,0
DA:28,0
DA:29,0
DA:30,0
DA:32,0
DA:33,0
DA:34,0
DA:36,0
DA:37,0
DA:38,0
DA:39,0
DA:40,0
DA:41,0
DA:43,0
DA:69,0
DA:70,0
DA:73,0
DA:79,1
DA:80,0
DA:84,0
DA:85,0
DA:89,1
DA:90,0
DA:98,0
DA:101,0
DA:109,1
LF:32
LH:8
BRF:0
BRH:0
end_of_record
TN:
SF:/home/vagrant/backend/dao/deviceGroupDAO.js
FN:26,(anonymous_0)
FN:47,(anonymous_1)
FN:51,(anonymous_2)
FN:62,(anonymous_3)
FN:66,(anonymous_4)
FN:69,(anonymous_5)
FN:74,(anonymous_6)
FN:78,(anonymous_7)
FN:81,(anonymous_8)
FN:86,(anonymous_9)
FN:91,(anonymous_10)
FN:94,(anonymous_11)
FNF:12
FNH:6
FNDA:5,(anonymous_0)
FNDA:5,(anonymous_1)
FNDA:0,(anonymous_2)
FNDA:3,(anonymous_3)
FNDA:3,(anonymous_4)
FNDA:0,(anonymous_5)
FNDA:2,(anonymous_6)
FNDA:2,(anonymous_7)
FNDA:0,(anonymous_8)
FNDA:0,(anonymous_9)
FNDA:0,(anonymous_10)
FNDA:0,(anonymous_11)
DA:13,1
DA:15,1
DA:17,1
DA:20,1
DA:24,1
DA:26,1
DA:27,5
DA:30,5
DA:49,5
DA:53,0
DA:62,1
DA:63,3
DA:67,3
DA:70,0
DA:74,1
DA:75,2
DA:79,2
DA:82,0
DA:86,1
DA:88,0
DA:92,0
DA:95,0
DA:101,1
LF:23
LH:17
BRF:0
BRH:0
end_of_record
TN:
SF:/home/vagrant/backend/dao/deviceTypeDAO.js
FN:26,(anonymous_0)
FN:47,(anonymous_1)
FN:51,(anonymous_2)
FN:56,(anonymous_3)
FN:60,(anonymous_4)
FN:63,(anonymous_5)
FN:69,(anonymous_6)
FN:73,(anonymous_7)
FN:76,(anonymous_8)
FNF:9
FNH:0
FNDA:0,(anonymous_0)
FNDA:0,(anonymous_1)
FNDA:0,(anonymous_2)
FNDA:0,(anonymous_3)
FNDA:0,(anonymous_4)
FNDA:0,(anonymous_5)
FNDA:0,(anonymous_6)
FNDA:0,(anonymous_7)
FNDA:0,(anonymous_8)
DA:13,1
DA:15,1
DA:17,1
DA:20,1
DA:24,1
DA:26,1
DA:27,0
DA:30,0
DA:48,0
DA:49,0
DA:52,0
DA:56,1
DA:57,0
DA:61,0
DA:64,0
DA:69,1
DA:70,0
DA:74,0
DA:77,0
DA:84,1
LF:20
LH:9
BRF:0
BRH:0
end_of_record
TN:
SF:/home/vagrant/backend/dao/sigfoxReadingDAO.js
FN:32,(anonymous_0)
FN:41,(anonymous_1)
FN:44,(anonymous_2)
FN:50,(anonymous_3)
FN:58,(anonymous_4)
FN:62,(anonymous_5)
FN:68,(anonymous_6)
FN:72,(anonymous_7)
FN:75,(anonymous_8)
FN:82,(anonymous_9)
FN:86,(anonymous_10)
FN:89,(anonymous_11)
FNF:12
FNH:0
FNDA:0,(anonymous_0)
FNDA:0,(anonymous_1)
FNDA:0,(anonymous_2)
FNDA:0,(anonymous_3)
FNDA:0,(anonymous_4)
FNDA:0,(anonymous_5)
FNDA:0,(anonymous_6)
FNDA:0,(anonymous_7)
FNDA:0,(anonymous_8)
FNDA:0,(anonymous_9)
FNDA:0,(anonymous_10)
FNDA:0,(anonymous_11)
DA:13,1
DA:15,1
DA:19,1
DA:23,1
DA:32,1
DA:33,0
DA:42,0
DA:45,0
DA:50,1
DA:51,0
DA:59,0
DA:60,0
DA:63,0
DA:68,1
DA:69,0
DA:73,0
DA:76,0
DA:82,1
DA:83,0
DA:87,0
DA:90,0
DA:96,1
LF:22
LH:9
BRF:0
BRH:0
end_of_record
TN:
SF:/home/vagrant/backend/schemas/countrySchema.js
FNF:0
FNH:0
DA:7,1
DA:9,1
DA:14,1
DA:22,1
DA:26,1
LF:5
LH:5
BRF:0
BRH:0
end_of_record
TN:
SF:/home/vagrant/backend/schemas/deviceAttributeSchema.js
FNF:0
FNH:0
DA:8,1
DA:10,1
DA:27,1
DA:49,1
DA:53,1
LF:5
LH:5
BRF:0
BRH:0
end_of_record
TN:
SF:/home/vagrant/backend/schemas/deviceGroupSchema.js
FNF:0
FNH:0
DA:8,1
DA:10,1
DA:13,1
DA:22,1
DA:28,1
LF:5
LH:5
BRF:0
BRH:0
end_of_record
TN:
SF:/home/vagrant/backend/schemas/deviceTypeSchema.js
FNF:0
FNH:0
DA:7,1
DA:9,1
DA:14,1
DA:28,1
DA:32,1
LF:5
LH:5
BRF:0
BRH:0
end_of_record
TN:
SF:/home/vagrant/backend/schemas/sigfoxDataSchema.js
FNF:0
FNH:0
DA:8,1
DA:10,1
DA:15,1
DA:26,1
DA:31,1
LF:5
LH:5
BRF:0
BRH:0
end_of_record
